<?xml version="1.0" encoding="UTF-8"?>
<!-- Generated by org.testng.reporters.JUnitReportReporter -->
<testsuite hostname="DESKTOP-EK6AVS7" failures="0" tests="3" name="testcases.LoginTest" time="13.463" errors="0" timestamp="2021-08-31T17:40:51 IST" skipped="2">
  <testcase classname="testcases.LoginTest" name="loginTest" time="0.009">
    <skipped/>
  </testcase> <!-- loginTest -->
  <system-out/>
  <testcase classname="testcases.LoginTest" name="loginTest" time="0.366">
    <skipped/>
  </testcase> <!-- loginTest -->
  <system-out/>
  <testcase classname="testcases.LoginTest" name="loginTest" time="13.088"/>
  <system-out/>
</testsuite> <!-- testcases.LoginTest -->
