<?xml version="1.0" encoding="UTF-8"?>
<!-- Generated by org.testng.reporters.JUnitReportReporter -->
<testsuite hostname="DESKTOP-EK6AVS7" failures="0" tests="3" name="testcases.LoginTest" time="13.451" errors="0" timestamp="2021-08-31T19:02:59 IST" skipped="2">
  <testcase classname="testcases.LoginTest" name="loginTest" time="0.008">
    <skipped/>
  </testcase> <!-- loginTest -->
  <testcase classname="testcases.LoginTest" name="loginTest" time="13.302"/>
  <testcase classname="testcases.LoginTest" name="loginTest" time="0.141">
    <skipped/>
  </testcase> <!-- loginTest -->
</testsuite> <!-- testcases.LoginTest -->
